{
  "stats": {
    "suites": 0,
    "tests": 1,
    "passes": 1,
    "pending": 0,
    "failures": 0,
    "start": "2024-03-25T22:21:20.022Z",
    "end": "2024-03-25T22:21:37.947Z",
    "duration": 17925,
    "testsRegistered": 1,
    "passPercent": 100,
    "pendingPercent": 0,
    "other": 0,
    "hasOther": false,
    "skipped": 0,
    "hasSkipped": false
  },
  "results": [
    {
      "uuid": "37e8e408-e931-4c69-ae07-7b040ec4b760",
      "title": "",
      "fullFile": "cypress\\e2e\\invalidlogin_test.cy.js",
      "file": "cypress\\e2e\\invalidlogin_test.cy.js",
      "beforeHooks": [],
      "afterHooks": [],
      "tests": [
        {
          "title": "Login Test Case with invalid creds/user authentication",
          "fullTitle": "Login Test Case with invalid creds/user authentication",
          "timedOut": null,
          "duration": 11443,
          "state": "passed",
          "speed": "slow",
          "pass": true,
          "fail": false,
          "pending": false,
          "context": null,
          "code": "loginpagevar.navigate(Testdatavar.url);\nloginpagevar.clickloginsignupbutton();\nloginpagevar.enteremail(Testdatavar.invalidemail);\nloginpagevar.enterpassowrd(Testdatavar.invalidpassword);\nloginpagevar.clicklogin();\ncy.contains('Your email or password is incorrect!').should('be.visible');",
          "err": {},
          "uuid": "010a14af-8084-4228-8340-cb2b75284298",
          "parentUUID": "37e8e408-e931-4c69-ae07-7b040ec4b760",
          "isHook": false,
          "skipped": false
        }
      ],
      "suites": [],
      "passes": [
        "010a14af-8084-4228-8340-cb2b75284298"
      ],
      "failures": [],
      "pending": [],
      "skipped": [],
      "duration": 11443,
      "root": true,
      "rootEmpty": false,
      "_timeout": 2000
    }
  ],
  "meta": {
    "mocha": {
      "version": "7.0.1"
    },
    "mochawesome": {
      "options": {
        "quiet": false,
        "reportFilename": "mochawesome",
        "saveHtml": true,
        "saveJson": true,
        "consoleReporter": "spec",
        "useInlineDiffs": false,
        "code": true
      },
      "version": "7.1.3"
    },
    "marge": {
      "options": {
        "reporterEnabled": "mochawesome",
        "mochawesomeReporterOptions": {
          "reportDir": "mochawesome-report",
          "quiet": true
        },
        "overwrite": false
      },
      "version": "6.2.0"
    }
  }
}