{
  "stats": {
    "suites": 0,
    "tests": 1,
    "passes": 1,
    "pending": 0,
    "failures": 0,
    "start": "2024-03-25T22:20:33.155Z",
    "end": "2024-03-25T22:21:15.846Z",
    "duration": 42691,
    "testsRegistered": 1,
    "passPercent": 100,
    "pendingPercent": 0,
    "other": 0,
    "hasOther": false,
    "skipped": 0,
    "hasSkipped": false
  },
  "results": [
    {
      "uuid": "e95d78e0-2091-4d7f-96cf-e4fc0328fed0",
      "title": "",
      "fullFile": "cypress\\e2e\\deleteproductfromcart_test.cy.js",
      "file": "cypress\\e2e\\deleteproductfromcart_test.cy.js",
      "beforeHooks": [],
      "afterHooks": [],
      "tests": [
        {
          "title": "Delete product from cart",
          "fullTitle": "Delete product from cart",
          "timedOut": null,
          "duration": 37940,
          "state": "passed",
          "speed": "slow",
          "pass": true,
          "fail": false,
          "pending": false,
          "context": null,
          "code": "loginpagevar.navigate(Testdatavar.url);\nloginpagevar.clickloginsignupbutton();\nloginpagevar.enteremail(Testdatavar.email);\nloginpagevar.enterpassowrd(Testdatavar.password);\nloginpagevar.clicklogin();\nproductbrowsingvar.clickproducttab();\nproductbrowsingvar.clickwomenplusicon();\nproductbrowsingvar.clickwomendress();\naddproductincarvar.clickaddtocart();\naddproductincarvar.viewcart();\ndeleteproductvar.DeleteProduct();",
          "err": {},
          "uuid": "ddc779a5-5c6d-4e10-80b3-4b833a975673",
          "parentUUID": "e95d78e0-2091-4d7f-96cf-e4fc0328fed0",
          "isHook": false,
          "skipped": false
        }
      ],
      "suites": [],
      "passes": [
        "ddc779a5-5c6d-4e10-80b3-4b833a975673"
      ],
      "failures": [],
      "pending": [],
      "skipped": [],
      "duration": 37940,
      "root": true,
      "rootEmpty": false,
      "_timeout": 2000
    }
  ],
  "meta": {
    "mocha": {
      "version": "7.0.1"
    },
    "mochawesome": {
      "options": {
        "quiet": false,
        "reportFilename": "mochawesome",
        "saveHtml": true,
        "saveJson": true,
        "consoleReporter": "spec",
        "useInlineDiffs": false,
        "code": true
      },
      "version": "7.1.3"
    },
    "marge": {
      "options": {
        "reporterEnabled": "mochawesome",
        "mochawesomeReporterOptions": {
          "reportDir": "mochawesome-report",
          "quiet": true
        },
        "overwrite": false
      },
      "version": "6.2.0"
    }
  }
}