{
  "stats": {
    "suites": 0,
    "tests": 1,
    "passes": 1,
    "pending": 0,
    "failures": 0,
    "start": "2024-03-25T22:22:13.063Z",
    "end": "2024-03-25T22:23:50.678Z",
    "duration": 97615,
    "testsRegistered": 1,
    "passPercent": 100,
    "pendingPercent": 0,
    "other": 0,
    "hasOther": false,
    "skipped": 0,
    "hasSkipped": false
  },
  "results": [
    {
      "uuid": "636209c5-358f-43a8-bf35-ba88eb859cc5",
      "title": "",
      "fullFile": "cypress\\e2e\\productbrowsing_test.cy.js",
      "file": "cypress\\e2e\\productbrowsing_test.cy.js",
      "beforeHooks": [],
      "afterHooks": [],
      "tests": [
        {
          "title": "Product Browsing against different categories",
          "fullTitle": "Product Browsing against different categories",
          "timedOut": null,
          "duration": 89858,
          "state": "passed",
          "speed": "slow",
          "pass": true,
          "fail": false,
          "pending": false,
          "context": null,
          "code": "loginpagevar.navigate(Testdatavar.url);\nloginpagevar.clickloginsignupbutton();\nloginpagevar.enteremail(Testdatavar.email);\nloginpagevar.enterpassowrd(Testdatavar.password);\nloginpagevar.clicklogin();\nproductbrowsingvar.clickproducttab();\nproductbrowsingvar.clickwomenplusicon();\nproductbrowsingvar.clickwomendress();\nproductbrowsingvar.clickwomendressviewproduct();\nproductbrowsingvar.clickwomenplusicon();\nproductbrowsingvar.clickwomentops();\nproductbrowsingvar.clickwomenplusicon();\nproductbrowsingvar.clickwomensaree();\nproductbrowsingvar.clickmenplusicon();\nproductbrowsingvar.clickmentshirts();\nproductbrowsingvar.clickmenshirtsviewproduct();\nproductbrowsingvar.clickmenplusicon();\nproductbrowsingvar.clickmenjeans();\nproductbrowsingvar.clickkidsplusicon();\nproductbrowsingvar.kidstopsandshirts();\nproductbrowsingvar.clickkidstopsandshitsviewproduct();",
          "err": {},
          "uuid": "52808f87-7473-444f-9296-1aa8d80dab9d",
          "parentUUID": "636209c5-358f-43a8-bf35-ba88eb859cc5",
          "isHook": false,
          "skipped": false
        }
      ],
      "suites": [],
      "passes": [
        "52808f87-7473-444f-9296-1aa8d80dab9d"
      ],
      "failures": [],
      "pending": [],
      "skipped": [],
      "duration": 89858,
      "root": true,
      "rootEmpty": false,
      "_timeout": 2000
    }
  ],
  "meta": {
    "mocha": {
      "version": "7.0.1"
    },
    "mochawesome": {
      "options": {
        "quiet": false,
        "reportFilename": "mochawesome",
        "saveHtml": true,
        "saveJson": true,
        "consoleReporter": "spec",
        "useInlineDiffs": false,
        "code": true
      },
      "version": "7.1.3"
    },
    "marge": {
      "options": {
        "reporterEnabled": "mochawesome",
        "mochawesomeReporterOptions": {
          "reportDir": "mochawesome-report",
          "quiet": true
        },
        "overwrite": false
      },
      "version": "6.2.0"
    }
  }
}