{
  "stats": {
    "suites": 0,
    "tests": 1,
    "passes": 1,
    "pending": 0,
    "failures": 0,
    "start": "2024-03-25T22:21:41.857Z",
    "end": "2024-03-25T22:22:09.084Z",
    "duration": 27227,
    "testsRegistered": 1,
    "passPercent": 100,
    "pendingPercent": 0,
    "other": 0,
    "hasOther": false,
    "skipped": 0,
    "hasSkipped": false
  },
  "results": [
    {
      "uuid": "1bc19382-60b1-4e6e-9bb9-db8891f0b1db",
      "title": "",
      "fullFile": "cypress\\e2e\\loginpage_test.cy.js",
      "file": "cypress\\e2e\\loginpage_test.cy.js",
      "beforeHooks": [],
      "afterHooks": [],
      "tests": [
        {
          "title": "Login Test Case with valid creds/user authentication",
          "fullTitle": "Login Test Case with valid creds/user authentication",
          "timedOut": null,
          "duration": 22339,
          "state": "passed",
          "speed": "slow",
          "pass": true,
          "fail": false,
          "pending": false,
          "context": null,
          "code": "loginpagevar.navigate(Testdatavar.url);\nloginpagevar.clickloginsignupbutton();\nloginpagevar.enteremail(Testdatavar.email);\nloginpagevar.enterpassowrd(Testdatavar.password);\nloginpagevar.clicklogin();\ncy.contains('Logged in as zeeshan naseem').should('be.visible');",
          "err": {},
          "uuid": "4f63d59c-b3df-4271-be53-c1bddcb556ab",
          "parentUUID": "1bc19382-60b1-4e6e-9bb9-db8891f0b1db",
          "isHook": false,
          "skipped": false
        }
      ],
      "suites": [],
      "passes": [
        "4f63d59c-b3df-4271-be53-c1bddcb556ab"
      ],
      "failures": [],
      "pending": [],
      "skipped": [],
      "duration": 22339,
      "root": true,
      "rootEmpty": false,
      "_timeout": 2000
    }
  ],
  "meta": {
    "mocha": {
      "version": "7.0.1"
    },
    "mochawesome": {
      "options": {
        "quiet": false,
        "reportFilename": "mochawesome",
        "saveHtml": true,
        "saveJson": true,
        "consoleReporter": "spec",
        "useInlineDiffs": false,
        "code": true
      },
      "version": "7.1.3"
    },
    "marge": {
      "options": {
        "reporterEnabled": "mochawesome",
        "mochawesomeReporterOptions": {
          "reportDir": "mochawesome-report",
          "quiet": true
        },
        "overwrite": false
      },
      "version": "6.2.0"
    }
  }
}