{
  "stats": {
    "suites": 0,
    "tests": 1,
    "passes": 1,
    "pending": 0,
    "failures": 0,
    "start": "2024-03-25T22:17:03.309Z",
    "end": "2024-03-25T22:19:00.513Z",
    "duration": 117204,
    "testsRegistered": 1,
    "passPercent": 100,
    "pendingPercent": 0,
    "other": 0,
    "hasOther": false,
    "skipped": 0,
    "hasSkipped": false
  },
  "results": [
    {
      "uuid": "9523a65a-fa0e-4281-ac9c-80ae517c3620",
      "title": "",
      "fullFile": "cypress\\e2e\\addproductsincart_test.cy.js",
      "file": "cypress\\e2e\\addproductsincart_test.cy.js",
      "beforeHooks": [],
      "afterHooks": [],
      "tests": [
        {
          "title": "Add product in cart",
          "fullTitle": "Add product in cart",
          "timedOut": null,
          "duration": 110532,
          "state": "passed",
          "speed": "slow",
          "pass": true,
          "fail": false,
          "pending": false,
          "context": null,
          "code": "loginpagevar.navigate(Testdatavar.url);\nloginpagevar.clickloginsignupbutton();\nloginpagevar.enteremail(Testdatavar.email);\nloginpagevar.enterpassowrd(Testdatavar.password);\nloginpagevar.clicklogin();\nproductbrowsingvar.clickproducttab();\nproductbrowsingvar.clickwomenplusicon();\nproductbrowsingvar.clickwomendress();\naddproductincarvar.clickaddtocart();\nproductbrowsingvar.clickmenplusicon();\nproductbrowsingvar.clickmentshirts();\naddproductincarvar.clickanotheraddtocart();\ncy.contains('Your product has been added to cart.').should('be.visible');\naddproductincarvar.clickcontinueshoppingbutton();\naddproductincarvar.viewcart();",
          "err": {},
          "uuid": "1e760907-ef3d-42ac-932b-65b27b2bb76d",
          "parentUUID": "9523a65a-fa0e-4281-ac9c-80ae517c3620",
          "isHook": false,
          "skipped": false
        }
      ],
      "suites": [],
      "passes": [
        "1e760907-ef3d-42ac-932b-65b27b2bb76d"
      ],
      "failures": [],
      "pending": [],
      "skipped": [],
      "duration": 110532,
      "root": true,
      "rootEmpty": false,
      "_timeout": 2000
    }
  ],
  "meta": {
    "mocha": {
      "version": "7.0.1"
    },
    "mochawesome": {
      "options": {
        "quiet": false,
        "reportFilename": "mochawesome",
        "saveHtml": true,
        "saveJson": true,
        "consoleReporter": "spec",
        "useInlineDiffs": false,
        "code": true
      },
      "version": "7.1.3"
    },
    "marge": {
      "options": {
        "reporterEnabled": "mochawesome",
        "mochawesomeReporterOptions": {
          "reportDir": "mochawesome-report",
          "quiet": true
        },
        "overwrite": false
      },
      "version": "6.2.0"
    }
  }
}