{
  "stats": {
    "suites": 0,
    "tests": 1,
    "passes": 1,
    "pending": 0,
    "failures": 0,
    "start": "2024-03-25T22:19:06.873Z",
    "end": "2024-03-25T22:20:28.271Z",
    "duration": 81398,
    "testsRegistered": 1,
    "passPercent": 100,
    "pendingPercent": 0,
    "other": 0,
    "hasOther": false,
    "skipped": 0,
    "hasSkipped": false
  },
  "results": [
    {
      "uuid": "51d4833d-0905-4574-82cd-91dc9b4bb0c4",
      "title": "",
      "fullFile": "cypress\\e2e\\checkout_test.cy.js",
      "file": "cypress\\e2e\\checkout_test.cy.js",
      "beforeHooks": [],
      "afterHooks": [],
      "tests": [
        {
          "title": "Checkout",
          "fullTitle": "Checkout",
          "timedOut": null,
          "duration": 72382,
          "state": "passed",
          "speed": "slow",
          "pass": true,
          "fail": false,
          "pending": false,
          "context": null,
          "code": "loginpagevar.navigate(Testdatavar.url);\nloginpagevar.clickloginsignupbutton();\nloginpagevar.enteremail(Testdatavar.email);\nloginpagevar.enterpassowrd(Testdatavar.password);\nloginpagevar.clicklogin();\nproductbrowsingvar.clickproducttab();\nproductbrowsingvar.clickwomenplusicon();\nproductbrowsingvar.clickwomendress();\naddproductincarvar.clickaddtocart();\nproductbrowsingvar.clickmenplusicon();\nproductbrowsingvar.clickmentshirts();\naddproductincarvar.clickanotheraddtocart();\ncy.contains('Your product has been added to cart.').should('be.visible');\naddproductincarvar.clickcontinueshoppingbutton();\naddproductincarvar.viewcart();\ncheckoutvar.proceedtocheckout();",
          "err": {},
          "uuid": "46390a6e-3e49-480d-83bc-aeeff45e99e8",
          "parentUUID": "51d4833d-0905-4574-82cd-91dc9b4bb0c4",
          "isHook": false,
          "skipped": false
        }
      ],
      "suites": [],
      "passes": [
        "46390a6e-3e49-480d-83bc-aeeff45e99e8"
      ],
      "failures": [],
      "pending": [],
      "skipped": [],
      "duration": 72382,
      "root": true,
      "rootEmpty": false,
      "_timeout": 2000
    }
  ],
  "meta": {
    "mocha": {
      "version": "7.0.1"
    },
    "mochawesome": {
      "options": {
        "quiet": false,
        "reportFilename": "mochawesome",
        "saveHtml": true,
        "saveJson": true,
        "consoleReporter": "spec",
        "useInlineDiffs": false,
        "code": true
      },
      "version": "7.1.3"
    },
    "marge": {
      "options": {
        "reporterEnabled": "mochawesome",
        "mochawesomeReporterOptions": {
          "reportDir": "mochawesome-report",
          "quiet": true
        },
        "overwrite": false
      },
      "version": "6.2.0"
    }
  }
}